Using pre-set license
Built from '2020.3/staging' branch; Version is '2020.3.25f1 (9b9180224418) revision 10195328'; Using compiler version '192528614'; Build Type 'Release'
OS: 'Windows 11  (10.0.22000) 64bit Core' Language: 'en' Physical Memory: 16216 MB
BatchMode: 1, IsHumanControllingUs: 0, StartBugReporterOnCrash: 0, Is64bit: 1, IsPro: 0

COMMAND LINE ARGUMENTS:
C:\Program Files\Unity\Hub\Editor\2020.3.25f1\Editor\Unity.exe
-adb2
-batchMode
-noUpm
-name
AssetImportWorker3
-projectPath
C:/Users/cass2/Desktop/Cassandra/university/coding/CART315-Prototype02/Prototype02
-logFile
Logs/AssetImportWorker3.log
-srvPort
51928
Successfully changed project path to: C:/Users/cass2/Desktop/Cassandra/university/coding/CART315-Prototype02/Prototype02
C:/Users/cass2/Desktop/Cassandra/university/coding/CART315-Prototype02/Prototype02
Using Asset Import Pipeline V2.
