Using pre-set license
Built from '2020.3/staging' branch; Version is '2020.3.25f1 (9b9180224418) revision 10195328'; Using compiler version '192528614'; Build Type 'Release'
OS: 'Windows 11  (10.0.22000) 64bit Core' Language: 'en' Physical Memory: 16216 MB
BatchMode: 1, IsHumanControllingUs: 0, StartBugReporterOnCrash: 0, Is64bit: 1, IsPro: 0

COMMAND LINE ARGUMENTS:
C:\Program Files\Unity\Hub\Editor\2020.3.25f1\Editor\Unity.exe
-adb2
-batchMode
-noUpm
-name
AssetImportWorker0
-projectPath
C:/Users/cass2/Desktop/Cassandra/university/coding/CART315-Prototype02/Prototype02
-logFile
Logs/AssetImportWorker0.log
-srvPort
58962
Successfully changed project path to: C:/Users/cass2/Desktop/Cassandra/university/coding/CART315-Prototype02/Prototype02
C:/Users/cass2/Desktop/Cassandra/university/coding/CART315-Prototype02/Prototype02
Using Asset Import Pipeline V2.
Refreshing native plugins compatible for Editor in 114.83 ms, found 2 plugins.
Preloading 0 native plugins for Editor in 0.00 ms.
Initialize engine version: 2020.3.25f1 (9b9180224418)
[Subsystems] Discovering subsystems at path C:/Program Files/Unity/Hub/Editor/2020.3.25f1/Editor/Data/Resources/UnitySubsystems
[Subsystems] Discovering subsystems at path C:/Users/cass2/Desktop/Cassandra/university/coding/CART315-Prototype02/Prototype02/Assets
GfxDevice: creating device client; threaded=0
Direct3D:
    Version:  Direct3D 11.0 [level 11.1]
    Renderer: NVIDIA GeForce MX330 (ID=0x1d16)
    Vendor:   
    VRAM:     1983 MB
    Driver:   30.0.15.1179
Initialize mono
Mono path[0] = 'C:/Program Files/Unity/Hub/Editor/2020.3.25f1/Editor/Data/Managed'
Mono path[1] = 'C:/Program Files/Unity/Hub/Editor/2020.3.25f1/Editor/Data/MonoBleedingEdge/lib/mono/unityjit'
Mono config path = 'C:/Program Files/Unity/Hub/Editor/2020.3.25f1/Editor/Data/MonoBleedingEdge/etc'
Using monoOptions --debugger-agent=transport=dt_socket,embedding=1,server=y,suspend=n,address=127.0.0.1:56340
Begin MonoManager ReloadAssembly
Registering precompiled unity dll's ...
Register platform support module: C:/Program Files/Unity/Hub/Editor/2020.3.25f1/Editor/Data/PlaybackEngines/MacStandaloneSupport/UnityEditor.OSXStandalone.Extensions.dll
Register platform support module: C:/Program Files/Unity/Hub/Editor/2020.3.25f1/Editor/Data/PlaybackEngines/WindowsStandaloneSupport/UnityEditor.WindowsStandalone.Extensions.dll
Registered in 0.005092 seconds.
Native extension for WindowsStandalone target not found
Native extension for OSXStandalone target not found
Refreshing native plugins compatible for Editor in 255.43 ms, found 2 plugins.
Preloading 0 native plugins for Editor in 0.00 ms.
Mono: successfully reloaded assembly
- Completed reload, in  2.098 seconds
Domain Reload Profiling:
	ReloadAssembly (2099ms)
		BeginReloadAssembly (149ms)
			ExecutionOrderSort (0ms)
			DisableScriptedObjects (0ms)
			BackupInstance (0ms)
			ReleaseScriptingObjects (0ms)
			CreateAndSetChildDomain (2ms)
		EndReloadAssembly (1670ms)
			LoadAssemblies (144ms)
			RebuildTransferFunctionScriptingTraits (0ms)
			SetupTypeCache (523ms)
			ReleaseScriptCaches (0ms)
			RebuildScriptCaches (117ms)
			SetupLoadedEditorAssemblies (763ms)
				LogAssemblyErrors (0ms)
				InitializePlatformSupportModulesInManaged (35ms)
				SetLoadedEditorAssemblies (2ms)
				RefreshPlugins (256ms)
				BeforeProcessingInitializeOnLoad (74ms)
				ProcessInitializeOnLoadAttributes (283ms)
				ProcessInitializeOnLoadMethodAttributes (114ms)
				AfterProcessingInitializeOnLoad (0ms)
				EditorAssembliesLoaded (1ms)
			ExecutionOrderSort2 (0ms)
			AwakeInstancesAfterBackupRestoration (0ms)
Platform modules already initialized, skipping
Registering precompiled user dll's ...
Registered in 0.011876 seconds.
Begin MonoManager ReloadAssembly
Native extension for WindowsStandalone target not found
Native extension for OSXStandalone target not found
Refreshing native plugins compatible for Editor in 2.35 ms, found 2 plugins.
Preloading 0 native plugins for Editor in 0.00 ms.
Mono: successfully reloaded assembly
- Completed reload, in  4.361 seconds
Domain Reload Profiling:
	ReloadAssembly (4364ms)
		BeginReloadAssembly (405ms)
			ExecutionOrderSort (0ms)
			DisableScriptedObjects (18ms)
			BackupInstance (0ms)
			ReleaseScriptingObjects (0ms)
			CreateAndSetChildDomain (48ms)
		EndReloadAssembly (3796ms)
			LoadAssemblies (252ms)
			RebuildTransferFunctionScriptingTraits (0ms)
			SetupTypeCache (1121ms)
			ReleaseScriptCaches (1ms)
			RebuildScriptCaches (147ms)
			SetupLoadedEditorAssemblies (1517ms)
				LogAssemblyErrors (0ms)
				InitializePlatformSupportModulesInManaged (49ms)
				SetLoadedEditorAssemblies (5ms)
				RefreshPlugins (3ms)
				BeforeProcessingInitializeOnLoad (427ms)
				ProcessInitializeOnLoadAttributes (944ms)
				ProcessInitializeOnLoadMethodAttributes (71ms)
				AfterProcessingInitializeOnLoad (18ms)
				EditorAssembliesLoaded (1ms)
			ExecutionOrderSort2 (0ms)
			AwakeInstancesAfterBackupRestoration (22ms)
Platform modules already initialized, skipping
========================================================================
Worker process is ready to serve import requests
Launched and connected shader compiler UnityShaderCompiler.exe after 0.58 seconds
Refreshing native plugins compatible for Editor in 2.83 ms, found 2 plugins.
Preloading 0 native plugins for Editor in 0.00 ms.
Unloading 1501 Unused Serialized files (Serialized files now loaded: 0)
System memory in use before: 67.9 MB.
System memory in use after: 68.0 MB.

Unloading 19 unused Assets to reduce memory usage. Loaded Objects now: 1933.
Total: 31.359200 ms (FindLiveObjects: 0.971600 ms CreateObjectMapping: 0.886200 ms MarkObjects: 28.888400 ms  DeleteObjects: 0.604200 ms)

AssetImportParameters requested are different than current active one (requested -> active):
  custom:framework-win-MediaFoundation: 216162199b28c13a410421893ffa2e32 -> 
  custom:video-decoder-ogg-theora: a1e56fd34408186e4bbccfd4996cb3dc -> 
  custom:container-muxer-webm: aa71ff27fc2769a1b78a27578f13a17b -> 
  custom:container-demuxer-webm: 4f35f7cbe854078d1ac9338744f61a02 -> 
  custom:container-demuxer-ogg: 62fdf1f143b41e24485cea50d1cbac27 -> 
  custom:video-encoder-webm-vp8: eb34c28f22e8b96e1ab97ce403110664 -> 
  custom:video-codec-MediaFoundation-h265: e54d7ab0439102e2317fc1e4b246158d -> 
  custom:video-decoder-webm-vp8: 9c59270c3fd7afecdb556c50c9e8de78 -> 
  custom:audio-decoder-ogg-vorbis: bf7c407c2cedff20999df2af8eb42d56 -> 
  custom:audio-encoder-webm-vorbis: bf7c407c2cedff20999df2af8eb42d56 -> 
========================================================================
Received Import Request.
  path: Assets/Player_Controls.cs
  artifactKey: Guid(45764169b27e48b47a45a617357b0ebd) Importer(815301076,1909f56bfc062723c751e8b465ee728b)
Start importing Assets/Player_Controls.cs using Guid(45764169b27e48b47a45a617357b0ebd) Importer(815301076,1909f56bfc062723c751e8b465ee728b)  -> (artifact id: '419866ea072b1621a69633f92089ffe4') in 0.657999 seconds 
  Import took 0.678320 seconds .

========================================================================
Received Prepare
Registering precompiled user dll's ...
Registered in 0.017140 seconds.
Begin MonoManager ReloadAssembly
Native extension for WindowsStandalone target not found
Native extension for OSXStandalone target not found
Refreshing native plugins compatible for Editor in 0.72 ms, found 2 plugins.
Preloading 0 native plugins for Editor in 0.00 ms.
Mono: successfully reloaded assembly
- Completed reload, in  3.027 seconds
Domain Reload Profiling:
	ReloadAssembly (3029ms)
		BeginReloadAssembly (351ms)
			ExecutionOrderSort (0ms)
			DisableScriptedObjects (20ms)
			BackupInstance (0ms)
			ReleaseScriptingObjects (0ms)
			CreateAndSetChildDomain (101ms)
		EndReloadAssembly (2437ms)
			LoadAssemblies (371ms)
			RebuildTransferFunctionScriptingTraits (0ms)
			SetupTypeCache (1029ms)
			ReleaseScriptCaches (1ms)
			RebuildScriptCaches (96ms)
			SetupLoadedEditorAssemblies (719ms)
				LogAssemblyErrors (0ms)
				InitializePlatformSupportModulesInManaged (13ms)
				SetLoadedEditorAssemblies (3ms)
				RefreshPlugins (1ms)
				BeforeProcessingInitializeOnLoad (174ms)
				ProcessInitializeOnLoadAttributes (495ms)
				ProcessInitializeOnLoadMethodAttributes (20ms)
				AfterProcessingInitializeOnLoad (12ms)
				EditorAssembliesLoaded (0ms)
			ExecutionOrderSort2 (0ms)
			AwakeInstancesAfterBackupRestoration (15ms)
Platform modules already initialized, skipping
Refreshing native plugins compatible for Editor in 0.91 ms, found 2 plugins.
Preloading 0 native plugins for Editor in 0.00 ms.
Unloading 1495 Unused Serialized files (Serialized files now loaded: 0)
System memory in use before: 67.8 MB.
System memory in use after: 67.9 MB.

Unloading 14 unused Assets to reduce memory usage. Loaded Objects now: 1935.
Total: 5.884200 ms (FindLiveObjects: 0.242200 ms CreateObjectMapping: 0.096500 ms MarkObjects: 5.515000 ms  DeleteObjects: 0.028700 ms)

AssetImportParameters requested are different than current active one (requested -> active):
  custom:framework-win-MediaFoundation: 216162199b28c13a410421893ffa2e32 -> 
  custom:video-decoder-ogg-theora: a1e56fd34408186e4bbccfd4996cb3dc -> 
  custom:container-muxer-webm: aa71ff27fc2769a1b78a27578f13a17b -> 
  custom:container-demuxer-webm: 4f35f7cbe854078d1ac9338744f61a02 -> 
  custom:container-demuxer-ogg: 62fdf1f143b41e24485cea50d1cbac27 -> 
  custom:video-encoder-webm-vp8: eb34c28f22e8b96e1ab97ce403110664 -> 
  custom:video-codec-MediaFoundation-h265: e54d7ab0439102e2317fc1e4b246158d -> 
  custom:video-decoder-webm-vp8: 9c59270c3fd7afecdb556c50c9e8de78 -> 
  custom:audio-decoder-ogg-vorbis: bf7c407c2cedff20999df2af8eb42d56 -> 
  custom:audio-encoder-webm-vorbis: bf7c407c2cedff20999df2af8eb42d56 -> 
========================================================================
Received Import Request.
  Time since last request: 2337.072444 seconds.
  path: Assets/Player_Controls.cs
  artifactKey: Guid(45764169b27e48b47a45a617357b0ebd) Importer(815301076,1909f56bfc062723c751e8b465ee728b)
Start importing Assets/Player_Controls.cs using Guid(45764169b27e48b47a45a617357b0ebd) Importer(815301076,1909f56bfc062723c751e8b465ee728b)  -> (artifact id: 'a2c1133d19b9385b745c70f16e6b16f4') in 0.059243 seconds 
  Import took 0.080518 seconds .

========================================================================
Received Import Request.
  Time since last request: 4109.273577 seconds.
  path: Assets/Player_Controls.cs
  artifactKey: Guid(45764169b27e48b47a45a617357b0ebd) Importer(815301076,1909f56bfc062723c751e8b465ee728b)
Start importing Assets/Player_Controls.cs using Guid(45764169b27e48b47a45a617357b0ebd) Importer(815301076,1909f56bfc062723c751e8b465ee728b)  -> (artifact id: 'd916b708f0f9e1c424fab117b96542e9') in 0.067174 seconds 
  Import took 0.085257 seconds .

========================================================================
Received Import Request.
  Time since last request: 194.187207 seconds.
  path: Assets/Player_Controls.cs
  artifactKey: Guid(45764169b27e48b47a45a617357b0ebd) Importer(815301076,1909f56bfc062723c751e8b465ee728b)
Start importing Assets/Player_Controls.cs using Guid(45764169b27e48b47a45a617357b0ebd) Importer(815301076,1909f56bfc062723c751e8b465ee728b)  -> (artifact id: '2eec93a1343eb887956c3832736a97f0') in 0.020509 seconds 
  Import took 0.037694 seconds .

========================================================================
Received Import Request.
  Time since last request: 70.780820 seconds.
  path: Assets/Player_Controls.cs
  artifactKey: Guid(45764169b27e48b47a45a617357b0ebd) Importer(815301076,1909f56bfc062723c751e8b465ee728b)
Start importing Assets/Player_Controls.cs using Guid(45764169b27e48b47a45a617357b0ebd) Importer(815301076,1909f56bfc062723c751e8b465ee728b)  -> (artifact id: 'a129cc989a96adcc480d19751c00c003') in 0.030689 seconds 
  Import took 0.046788 seconds .

========================================================================
Received Import Request.
  Time since last request: 2751.997867 seconds.
  path: Assets/Player_Controls.cs
  artifactKey: Guid(45764169b27e48b47a45a617357b0ebd) Importer(815301076,1909f56bfc062723c751e8b465ee728b)
Start importing Assets/Player_Controls.cs using Guid(45764169b27e48b47a45a617357b0ebd) Importer(815301076,1909f56bfc062723c751e8b465ee728b)  -> (artifact id: '4c1cf33a2c510d74d6c17866f0ec977a') in 0.028061 seconds 
  Import took 0.040340 seconds .

========================================================================
Received Import Request.
  Time since last request: 519.452234 seconds.
  path: Assets/Player_Controls.cs
  artifactKey: Guid(45764169b27e48b47a45a617357b0ebd) Importer(815301076,1909f56bfc062723c751e8b465ee728b)
Start importing Assets/Player_Controls.cs using Guid(45764169b27e48b47a45a617357b0ebd) Importer(815301076,1909f56bfc062723c751e8b465ee728b)  -> (artifact id: '95e7468306fb1bf6d6e7e4cff0d5419f') in 0.046001 seconds 
  Import took 0.062286 seconds .

========================================================================
Received Import Request.
  Time since last request: 290.859101 seconds.
  path: Assets/Player_Controls.cs
  artifactKey: Guid(45764169b27e48b47a45a617357b0ebd) Importer(815301076,1909f56bfc062723c751e8b465ee728b)
Start importing Assets/Player_Controls.cs using Guid(45764169b27e48b47a45a617357b0ebd) Importer(815301076,1909f56bfc062723c751e8b465ee728b)  -> (artifact id: '9ed2b47243676409c47a438e3f298108') in 0.025238 seconds 
  Import took 0.040921 seconds .

========================================================================
Received Import Request.
  Time since last request: 2498.550387 seconds.
  path: ProjectSettings/TagManager.asset
  artifactKey: Guid(00000000000000003000000000000000) Importer(815301076,1909f56bfc062723c751e8b465ee728b)
Start importing ProjectSettings/TagManager.asset using Guid(00000000000000003000000000000000) Importer(815301076,1909f56bfc062723c751e8b465ee728b)  -> (artifact id: 'ce6a35c3cddc746e7501c0bd0ed6d4ce') in 0.219371 seconds 
  Import took 0.239390 seconds .

========================================================================
Received Import Request.
  Time since last request: 275.730335 seconds.
  path: Assets
  artifactKey: Guid(00000000000000001000000000000000) Importer(815301076,1909f56bfc062723c751e8b465ee728b)
Start importing Assets using Guid(00000000000000001000000000000000) Importer(815301076,1909f56bfc062723c751e8b465ee728b)  -> (artifact id: '42d402b061de3733987d63b9cc3b64de') in 0.052815 seconds 
  Import took 0.065334 seconds .

========================================================================
Received Import Request.
  Time since last request: 16.323898 seconds.
  path: Assets/PhysicsMaterial
  artifactKey: Guid(b259d9325a7688e4188f2477aa3f7b7a) Importer(815301076,1909f56bfc062723c751e8b465ee728b)
Start importing Assets/PhysicsMaterial using Guid(b259d9325a7688e4188f2477aa3f7b7a) Importer(815301076,1909f56bfc062723c751e8b465ee728b)  -> (artifact id: '88c7205ef5505b0c7433eb4be5ff5454') in 0.056334 seconds 
  Import took 0.070017 seconds .

========================================================================
Received Import Request.
  Time since last request: 39.623465 seconds.
  path: Assets/PhysicsMaterial/NoFriction.physicMaterial
  artifactKey: Guid(3ba9c80a4b0206540bba1d7380aa1e43) Importer(815301076,1909f56bfc062723c751e8b465ee728b)
Start importing Assets/PhysicsMaterial/NoFriction.physicMaterial using Guid(3ba9c80a4b0206540bba1d7380aa1e43) Importer(815301076,1909f56bfc062723c751e8b465ee728b)  -> (artifact id: '7f67482a37cb043dcb567ca0be96a2a1') in 0.068439 seconds 
  Import took 0.081727 seconds .

========================================================================
Received Import Request.
  Time since last request: 499.864510 seconds.
  path: Assets/Coins.prefab
  artifactKey: Guid(82b321cb59c869f4f91dc9fc9273fbab) Importer(815301076,1909f56bfc062723c751e8b465ee728b)
Start importing Assets/Coins.prefab using Guid(82b321cb59c869f4f91dc9fc9273fbab) Importer(815301076,1909f56bfc062723c751e8b465ee728b)  -> (artifact id: 'eb0bea0eb5b8761a75b9c61055a7e79f') in 0.186809 seconds 
  Import took 0.197100 seconds .

========================================================================
Received Import Request.
  Time since last request: 4.960611 seconds.
  path: Assets/Coins.prefab
  artifactKey: Guid(82b321cb59c869f4f91dc9fc9273fbab) Importer(815301076,1909f56bfc062723c751e8b465ee728b)
Start importing Assets/Coins.prefab using Guid(82b321cb59c869f4f91dc9fc9273fbab) Importer(815301076,1909f56bfc062723c751e8b465ee728b)  -> (artifact id: '2bab776ab7774d48fda8718d79e6ffac') in 0.456251 seconds 
  Import took 0.472907 seconds .

========================================================================
Received Prepare
Registering precompiled user dll's ...
Registered in 0.019730 seconds.
Begin MonoManager ReloadAssembly
Native extension for WindowsStandalone target not found
Native extension for OSXStandalone target not found
Refreshing native plugins compatible for Editor in 0.79 ms, found 2 plugins.
Preloading 0 native plugins for Editor in 0.00 ms.
Mono: successfully reloaded assembly
- Completed reload, in  4.010 seconds
Domain Reload Profiling:
	ReloadAssembly (4013ms)
		BeginReloadAssembly (781ms)
			ExecutionOrderSort (0ms)
			DisableScriptedObjects (39ms)
			BackupInstance (0ms)
			ReleaseScriptingObjects (0ms)
			CreateAndSetChildDomain (364ms)
		EndReloadAssembly (2899ms)
			LoadAssemblies (616ms)
			RebuildTransferFunctionScriptingTraits (2ms)
			SetupTypeCache (1178ms)
			ReleaseScriptCaches (2ms)
			RebuildScriptCaches (99ms)
			SetupLoadedEditorAssemblies (841ms)
				LogAssemblyErrors (0ms)
				InitializePlatformSupportModulesInManaged (15ms)
				SetLoadedEditorAssemblies (2ms)
				RefreshPlugins (1ms)
				BeforeProcessingInitializeOnLoad (202ms)
				ProcessInitializeOnLoadAttributes (576ms)
				ProcessInitializeOnLoadMethodAttributes (25ms)
				AfterProcessingInitializeOnLoad (20ms)
				EditorAssembliesLoaded (1ms)
			ExecutionOrderSort2 (0ms)
			AwakeInstancesAfterBackupRestoration (32ms)
Platform modules already initialized, skipping
Refreshing native plugins compatible for Editor in 1.14 ms, found 2 plugins.
Preloading 0 native plugins for Editor in 0.00 ms.
Unloading 1495 Unused Serialized files (Serialized files now loaded: 0)
System memory in use before: 71.0 MB.
System memory in use after: 71.1 MB.

Unloading 16 unused Assets to reduce memory usage. Loaded Objects now: 1945.
Total: 5.741700 ms (FindLiveObjects: 0.259600 ms CreateObjectMapping: 0.100700 ms MarkObjects: 5.329300 ms  DeleteObjects: 0.050300 ms)

AssetImportParameters requested are different than current active one (requested -> active):
  custom:framework-win-MediaFoundation: 216162199b28c13a410421893ffa2e32 -> 
  custom:video-decoder-ogg-theora: a1e56fd34408186e4bbccfd4996cb3dc -> 
  custom:container-muxer-webm: aa71ff27fc2769a1b78a27578f13a17b -> 
  custom:container-demuxer-webm: 4f35f7cbe854078d1ac9338744f61a02 -> 
  custom:container-demuxer-ogg: 62fdf1f143b41e24485cea50d1cbac27 -> 
  custom:video-encoder-webm-vp8: eb34c28f22e8b96e1ab97ce403110664 -> 
  custom:video-codec-MediaFoundation-h265: e54d7ab0439102e2317fc1e4b246158d -> 
  custom:video-decoder-webm-vp8: 9c59270c3fd7afecdb556c50c9e8de78 -> 
  custom:audio-decoder-ogg-vorbis: bf7c407c2cedff20999df2af8eb42d56 -> 
  custom:audio-encoder-webm-vorbis: bf7c407c2cedff20999df2af8eb42d56 -> 
========================================================================
Received Prepare
Registering precompiled user dll's ...
Registered in 0.014724 seconds.
Begin MonoManager ReloadAssembly
Native extension for WindowsStandalone target not found
Native extension for OSXStandalone target not found
Refreshing native plugins compatible for Editor in 0.93 ms, found 2 plugins.
Preloading 0 native plugins for Editor in 0.00 ms.
Mono: successfully reloaded assembly
- Completed reload, in  4.055 seconds
Domain Reload Profiling:
	ReloadAssembly (4059ms)
		BeginReloadAssembly (808ms)
			ExecutionOrderSort (0ms)
			DisableScriptedObjects (61ms)
			BackupInstance (0ms)
			ReleaseScriptingObjects (0ms)
			CreateAndSetChildDomain (247ms)
		EndReloadAssembly (2514ms)
			LoadAssemblies (503ms)
			RebuildTransferFunctionScriptingTraits (0ms)
			SetupTypeCache (1044ms)
			ReleaseScriptCaches (1ms)
			RebuildScriptCaches (157ms)
			SetupLoadedEditorAssemblies (750ms)
				LogAssemblyErrors (0ms)
				InitializePlatformSupportModulesInManaged (19ms)
				SetLoadedEditorAssemblies (2ms)
				RefreshPlugins (1ms)
				BeforeProcessingInitializeOnLoad (246ms)
				ProcessInitializeOnLoadAttributes (446ms)
				ProcessInitializeOnLoadMethodAttributes (20ms)
				AfterProcessingInitializeOnLoad (15ms)
				EditorAssembliesLoaded (1ms)
			ExecutionOrderSort2 (0ms)
			AwakeInstancesAfterBackupRestoration (17ms)
Platform modules already initialized, skipping
Refreshing native plugins compatible for Editor in 1.15 ms, found 2 plugins.
Preloading 0 native plugins for Editor in 0.00 ms.
Unloading 1495 Unused Serialized files (Serialized files now loaded: 0)
System memory in use before: 71.0 MB.
System memory in use after: 71.1 MB.

Unloading 14 unused Assets to reduce memory usage. Loaded Objects now: 1947.
Total: 5.640700 ms (FindLiveObjects: 0.247700 ms CreateObjectMapping: 0.101200 ms MarkObjects: 5.234100 ms  DeleteObjects: 0.055400 ms)

AssetImportParameters requested are different than current active one (requested -> active):
  custom:framework-win-MediaFoundation: 216162199b28c13a410421893ffa2e32 -> 
  custom:video-decoder-ogg-theora: a1e56fd34408186e4bbccfd4996cb3dc -> 
  custom:container-muxer-webm: aa71ff27fc2769a1b78a27578f13a17b -> 
  custom:container-demuxer-webm: 4f35f7cbe854078d1ac9338744f61a02 -> 
  custom:container-demuxer-ogg: 62fdf1f143b41e24485cea50d1cbac27 -> 
  custom:video-encoder-webm-vp8: eb34c28f22e8b96e1ab97ce403110664 -> 
  custom:video-codec-MediaFoundation-h265: e54d7ab0439102e2317fc1e4b246158d -> 
  custom:video-decoder-webm-vp8: 9c59270c3fd7afecdb556c50c9e8de78 -> 
  custom:audio-decoder-ogg-vorbis: bf7c407c2cedff20999df2af8eb42d56 -> 
  custom:audio-encoder-webm-vorbis: bf7c407c2cedff20999df2af8eb42d56 -> 
========================================================================
Received Prepare
Registering precompiled user dll's ...
Registered in 0.014525 seconds.
Begin MonoManager ReloadAssembly
Native extension for WindowsStandalone target not found
Native extension for OSXStandalone target not found
Refreshing native plugins compatible for Editor in 0.70 ms, found 2 plugins.
Preloading 0 native plugins for Editor in 0.00 ms.
Mono: successfully reloaded assembly
- Completed reload, in  3.655 seconds
Domain Reload Profiling:
	ReloadAssembly (3656ms)
		BeginReloadAssembly (581ms)
			ExecutionOrderSort (0ms)
			DisableScriptedObjects (24ms)
			BackupInstance (0ms)
			ReleaseScriptingObjects (0ms)
			CreateAndSetChildDomain (209ms)
		EndReloadAssembly (2823ms)
			LoadAssemblies (429ms)
			RebuildTransferFunctionScriptingTraits (0ms)
			SetupTypeCache (1289ms)
			ReleaseScriptCaches (2ms)
			RebuildScriptCaches (111ms)
			SetupLoadedEditorAssemblies (845ms)
				LogAssemblyErrors (0ms)
				InitializePlatformSupportModulesInManaged (14ms)
				SetLoadedEditorAssemblies (1ms)
				RefreshPlugins (1ms)
				BeforeProcessingInitializeOnLoad (196ms)
				ProcessInitializeOnLoadAttributes (594ms)
				ProcessInitializeOnLoadMethodAttributes (24ms)
				AfterProcessingInitializeOnLoad (13ms)
				EditorAssembliesLoaded (1ms)
			ExecutionOrderSort2 (0ms)
			AwakeInstancesAfterBackupRestoration (18ms)
Platform modules already initialized, skipping
Refreshing native plugins compatible for Editor in 1.16 ms, found 2 plugins.
Preloading 0 native plugins for Editor in 0.00 ms.
Unloading 1495 Unused Serialized files (Serialized files now loaded: 0)
System memory in use before: 71.0 MB.
System memory in use after: 71.2 MB.

Unloading 14 unused Assets to reduce memory usage. Loaded Objects now: 1949.
Total: 7.518000 ms (FindLiveObjects: 0.323200 ms CreateObjectMapping: 0.139600 ms MarkObjects: 7.014100 ms  DeleteObjects: 0.038600 ms)

AssetImportParameters requested are different than current active one (requested -> active):
  custom:framework-win-MediaFoundation: 216162199b28c13a410421893ffa2e32 -> 
  custom:video-decoder-ogg-theora: a1e56fd34408186e4bbccfd4996cb3dc -> 
  custom:container-muxer-webm: aa71ff27fc2769a1b78a27578f13a17b -> 
  custom:container-demuxer-webm: 4f35f7cbe854078d1ac9338744f61a02 -> 
  custom:container-demuxer-ogg: 62fdf1f143b41e24485cea50d1cbac27 -> 
  custom:video-encoder-webm-vp8: eb34c28f22e8b96e1ab97ce403110664 -> 
  custom:video-codec-MediaFoundation-h265: e54d7ab0439102e2317fc1e4b246158d -> 
  custom:video-decoder-webm-vp8: 9c59270c3fd7afecdb556c50c9e8de78 -> 
  custom:audio-decoder-ogg-vorbis: bf7c407c2cedff20999df2af8eb42d56 -> 
  custom:audio-encoder-webm-vorbis: bf7c407c2cedff20999df2af8eb42d56 -> 
========================================================================
Received Prepare
Registering precompiled user dll's ...
Registered in 0.012873 seconds.
Begin MonoManager ReloadAssembly
Native extension for WindowsStandalone target not found
Native extension for OSXStandalone target not found
Refreshing native plugins compatible for Editor in 0.74 ms, found 2 plugins.
Preloading 0 native plugins for Editor in 0.00 ms.
Mono: successfully reloaded assembly
- Completed reload, in  3.303 seconds
Domain Reload Profiling:
	ReloadAssembly (3305ms)
		BeginReloadAssembly (438ms)
			ExecutionOrderSort (0ms)
			DisableScriptedObjects (28ms)
			BackupInstance (0ms)
			ReleaseScriptingObjects (0ms)
			CreateAndSetChildDomain (100ms)
		EndReloadAssembly (2250ms)
			LoadAssemblies (452ms)
			RebuildTransferFunctionScriptingTraits (0ms)
			SetupTypeCache (840ms)
			ReleaseScriptCaches (2ms)
			RebuildScriptCaches (97ms)
			SetupLoadedEditorAssemblies (710ms)
				LogAssemblyErrors (0ms)
				InitializePlatformSupportModulesInManaged (13ms)
				SetLoadedEditorAssemblies (1ms)
				RefreshPlugins (1ms)
				BeforeProcessingInitializeOnLoad (185ms)
				ProcessInitializeOnLoadAttributes (476ms)
				ProcessInitializeOnLoadMethodAttributes (21ms)
				AfterProcessingInitializeOnLoad (12ms)
				EditorAssembliesLoaded (1ms)
			ExecutionOrderSort2 (0ms)
			AwakeInstancesAfterBackupRestoration (17ms)
Platform modules already initialized, skipping
Refreshing native plugins compatible for Editor in 0.95 ms, found 2 plugins.
Preloading 0 native plugins for Editor in 0.00 ms.
Unloading 1495 Unused Serialized files (Serialized files now loaded: 0)
System memory in use before: 71.1 MB.
System memory in use after: 71.2 MB.

Unloading 14 unused Assets to reduce memory usage. Loaded Objects now: 1951.
Total: 5.871700 ms (FindLiveObjects: 0.264000 ms CreateObjectMapping: 0.104200 ms MarkObjects: 5.470200 ms  DeleteObjects: 0.031100 ms)

AssetImportParameters requested are different than current active one (requested -> active):
  custom:framework-win-MediaFoundation: 216162199b28c13a410421893ffa2e32 -> 
  custom:video-decoder-ogg-theora: a1e56fd34408186e4bbccfd4996cb3dc -> 
  custom:container-muxer-webm: aa71ff27fc2769a1b78a27578f13a17b -> 
  custom:container-demuxer-webm: 4f35f7cbe854078d1ac9338744f61a02 -> 
  custom:container-demuxer-ogg: 62fdf1f143b41e24485cea50d1cbac27 -> 
  custom:video-encoder-webm-vp8: eb34c28f22e8b96e1ab97ce403110664 -> 
  custom:video-codec-MediaFoundation-h265: e54d7ab0439102e2317fc1e4b246158d -> 
  custom:video-decoder-webm-vp8: 9c59270c3fd7afecdb556c50c9e8de78 -> 
  custom:audio-decoder-ogg-vorbis: bf7c407c2cedff20999df2af8eb42d56 -> 
  custom:audio-encoder-webm-vorbis: bf7c407c2cedff20999df2af8eb42d56 -> 
========================================================================
Received Prepare
Registering precompiled user dll's ...
Registered in 0.010768 seconds.
Begin MonoManager ReloadAssembly
Native extension for WindowsStandalone target not found
Native extension for OSXStandalone target not found
Refreshing native plugins compatible for Editor in 0.68 ms, found 2 plugins.
Preloading 0 native plugins for Editor in 0.00 ms.
Mono: successfully reloaded assembly
- Completed reload, in  4.139 seconds
Domain Reload Profiling:
	ReloadAssembly (4143ms)
		BeginReloadAssembly (790ms)
			ExecutionOrderSort (0ms)
			DisableScriptedObjects (68ms)
			BackupInstance (0ms)
			ReleaseScriptingObjects (0ms)
			CreateAndSetChildDomain (308ms)
		EndReloadAssembly (3018ms)
			LoadAssemblies (380ms)
			RebuildTransferFunctionScriptingTraits (0ms)
			SetupTypeCache (1333ms)
			ReleaseScriptCaches (4ms)
			RebuildScriptCaches (253ms)
			SetupLoadedEditorAssemblies (822ms)
				LogAssemblyErrors (0ms)
				InitializePlatformSupportModulesInManaged (12ms)
				SetLoadedEditorAssemblies (1ms)
				RefreshPlugins (1ms)
				BeforeProcessingInitializeOnLoad (171ms)
				ProcessInitializeOnLoadAttributes (587ms)
				ProcessInitializeOnLoadMethodAttributes (39ms)
				AfterProcessingInitializeOnLoad (10ms)
				EditorAssembliesLoaded (0ms)
			ExecutionOrderSort2 (0ms)
			AwakeInstancesAfterBackupRestoration (11ms)
Platform modules already initialized, skipping
Refreshing native plugins compatible for Editor in 1.16 ms, found 2 plugins.
Preloading 0 native plugins for Editor in 0.00 ms.
Unloading 1495 Unused Serialized files (Serialized files now loaded: 0)
System memory in use before: 71.1 MB.
System memory in use after: 71.2 MB.

Unloading 14 unused Assets to reduce memory usage. Loaded Objects now: 1953.
Total: 19.178600 ms (FindLiveObjects: 0.966200 ms CreateObjectMapping: 0.492100 ms MarkObjects: 17.642900 ms  DeleteObjects: 0.071600 ms)

AssetImportParameters requested are different than current active one (requested -> active):
  custom:framework-win-MediaFoundation: 216162199b28c13a410421893ffa2e32 -> 
  custom:video-decoder-ogg-theora: a1e56fd34408186e4bbccfd4996cb3dc -> 
  custom:container-muxer-webm: aa71ff27fc2769a1b78a27578f13a17b -> 
  custom:container-demuxer-webm: 4f35f7cbe854078d1ac9338744f61a02 -> 
  custom:container-demuxer-ogg: 62fdf1f143b41e24485cea50d1cbac27 -> 
  custom:video-encoder-webm-vp8: eb34c28f22e8b96e1ab97ce403110664 -> 
  custom:video-codec-MediaFoundation-h265: e54d7ab0439102e2317fc1e4b246158d -> 
  custom:video-decoder-webm-vp8: 9c59270c3fd7afecdb556c50c9e8de78 -> 
  custom:audio-decoder-ogg-vorbis: bf7c407c2cedff20999df2af8eb42d56 -> 
  custom:audio-encoder-webm-vorbis: bf7c407c2cedff20999df2af8eb42d56 -> 
========================================================================
Received Prepare
Registering precompiled user dll's ...
Registered in 0.094545 seconds.
Begin MonoManager ReloadAssembly
Native extension for WindowsStandalone target not found
Native extension for OSXStandalone target not found
Refreshing native plugins compatible for Editor in 1.39 ms, found 2 plugins.
Preloading 0 native plugins for Editor in 0.00 ms.
Mono: successfully reloaded assembly
- Completed reload, in  4.210 seconds
Domain Reload Profiling:
	ReloadAssembly (4212ms)
		BeginReloadAssembly (475ms)
			ExecutionOrderSort (0ms)
			DisableScriptedObjects (22ms)
			BackupInstance (0ms)
			ReleaseScriptingObjects (0ms)
			CreateAndSetChildDomain (158ms)
		EndReloadAssembly (3437ms)
			LoadAssemblies (369ms)
			RebuildTransferFunctionScriptingTraits (0ms)
			SetupTypeCache (1262ms)
			ReleaseScriptCaches (2ms)
			RebuildScriptCaches (165ms)
			SetupLoadedEditorAssemblies (1179ms)
				LogAssemblyErrors (0ms)
				InitializePlatformSupportModulesInManaged (29ms)
				SetLoadedEditorAssemblies (3ms)
				RefreshPlugins (2ms)
				BeforeProcessingInitializeOnLoad (371ms)
				ProcessInitializeOnLoadAttributes (699ms)
				ProcessInitializeOnLoadMethodAttributes (38ms)
				AfterProcessingInitializeOnLoad (37ms)
				EditorAssembliesLoaded (1ms)
			ExecutionOrderSort2 (0ms)
			AwakeInstancesAfterBackupRestoration (29ms)
Platform modules already initialized, skipping
Refreshing native plugins compatible for Editor in 2.49 ms, found 2 plugins.
Preloading 0 native plugins for Editor in 0.00 ms.
Unloading 1495 Unused Serialized files (Serialized files now loaded: 0)
System memory in use before: 71.1 MB.
System memory in use after: 71.2 MB.

Unloading 14 unused Assets to reduce memory usage. Loaded Objects now: 1955.
Total: 15.227000 ms (FindLiveObjects: 0.622400 ms CreateObjectMapping: 0.260300 ms MarkObjects: 14.260400 ms  DeleteObjects: 0.078800 ms)

AssetImportParameters requested are different than current active one (requested -> active):
  custom:framework-win-MediaFoundation: 216162199b28c13a410421893ffa2e32 -> 
  custom:video-decoder-ogg-theora: a1e56fd34408186e4bbccfd4996cb3dc -> 
  custom:container-muxer-webm: aa71ff27fc2769a1b78a27578f13a17b -> 
  custom:container-demuxer-webm: 4f35f7cbe854078d1ac9338744f61a02 -> 
  custom:container-demuxer-ogg: 62fdf1f143b41e24485cea50d1cbac27 -> 
  custom:video-encoder-webm-vp8: eb34c28f22e8b96e1ab97ce403110664 -> 
  custom:video-codec-MediaFoundation-h265: e54d7ab0439102e2317fc1e4b246158d -> 
  custom:video-decoder-webm-vp8: 9c59270c3fd7afecdb556c50c9e8de78 -> 
  custom:audio-decoder-ogg-vorbis: bf7c407c2cedff20999df2af8eb42d56 -> 
  custom:audio-encoder-webm-vorbis: bf7c407c2cedff20999df2af8eb42d56 -> 
========================================================================
Received Prepare
Registering precompiled user dll's ...
Registered in 0.035016 seconds.
Begin MonoManager ReloadAssembly
Native extension for WindowsStandalone target not found
Native extension for OSXStandalone target not found
Refreshing native plugins compatible for Editor in 3.05 ms, found 2 plugins.
Preloading 0 native plugins for Editor in 0.00 ms.
Mono: successfully reloaded assembly
- Completed reload, in  4.182 seconds
Domain Reload Profiling:
	ReloadAssembly (4185ms)
		BeginReloadAssembly (611ms)
			ExecutionOrderSort (0ms)
			DisableScriptedObjects (37ms)
			BackupInstance (0ms)
			ReleaseScriptingObjects (0ms)
			CreateAndSetChildDomain (189ms)
		EndReloadAssembly (3197ms)
			LoadAssemblies (470ms)
			RebuildTransferFunctionScriptingTraits (0ms)
			SetupTypeCache (970ms)
			ReleaseScriptCaches (2ms)
			RebuildScriptCaches (122ms)
			SetupLoadedEditorAssemblies (1215ms)
				LogAssemblyErrors (0ms)
				InitializePlatformSupportModulesInManaged (44ms)
				SetLoadedEditorAssemblies (7ms)
				RefreshPlugins (4ms)
				BeforeProcessingInitializeOnLoad (518ms)
				ProcessInitializeOnLoadAttributes (604ms)
				ProcessInitializeOnLoadMethodAttributes (22ms)
				AfterProcessingInitializeOnLoad (15ms)
				EditorAssembliesLoaded (1ms)
			ExecutionOrderSort2 (0ms)
			AwakeInstancesAfterBackupRestoration (18ms)
Platform modules already initialized, skipping
Refreshing native plugins compatible for Editor in 1.59 ms, found 2 plugins.
Preloading 0 native plugins for Editor in 0.00 ms.
Unloading 1495 Unused Serialized files (Serialized files now loaded: 0)
System memory in use before: 71.1 MB.
System memory in use after: 71.2 MB.

Unloading 14 unused Assets to reduce memory usage. Loaded Objects now: 1957.
Total: 6.902800 ms (FindLiveObjects: 0.309900 ms CreateObjectMapping: 0.144800 ms MarkObjects: 6.411200 ms  DeleteObjects: 0.034300 ms)

AssetImportParameters requested are different than current active one (requested -> active):
  custom:framework-win-MediaFoundation: 216162199b28c13a410421893ffa2e32 -> 
  custom:video-decoder-ogg-theora: a1e56fd34408186e4bbccfd4996cb3dc -> 
  custom:container-muxer-webm: aa71ff27fc2769a1b78a27578f13a17b -> 
  custom:container-demuxer-webm: 4f35f7cbe854078d1ac9338744f61a02 -> 
  custom:container-demuxer-ogg: 62fdf1f143b41e24485cea50d1cbac27 -> 
  custom:video-encoder-webm-vp8: eb34c28f22e8b96e1ab97ce403110664 -> 
  custom:video-codec-MediaFoundation-h265: e54d7ab0439102e2317fc1e4b246158d -> 
  custom:video-decoder-webm-vp8: 9c59270c3fd7afecdb556c50c9e8de78 -> 
  custom:audio-decoder-ogg-vorbis: bf7c407c2cedff20999df2af8eb42d56 -> 
  custom:audio-encoder-webm-vorbis: bf7c407c2cedff20999df2af8eb42d56 -> 
========================================================================
Received Import Request.
  Time since last request: 4083.198864 seconds.
  path: Assets/Cube.prefab
  artifactKey: Guid(01b0734a8e618d94daffa35a3f5c9939) Importer(815301076,1909f56bfc062723c751e8b465ee728b)
Start importing Assets/Cube.prefab using Guid(01b0734a8e618d94daffa35a3f5c9939) Importer(815301076,1909f56bfc062723c751e8b465ee728b)  -> (artifact id: '71e22b1b43104b18f1b36bbf0478e06c') in 0.093259 seconds 
  Import took 0.100277 seconds .

========================================================================
Received Import Request.
  Time since last request: 0.315819 seconds.
  path: Assets/Cube.prefab
  artifactKey: Guid(01b0734a8e618d94daffa35a3f5c9939) Importer(815301076,1909f56bfc062723c751e8b465ee728b)
Start importing Assets/Cube.prefab using Guid(01b0734a8e618d94daffa35a3f5c9939) Importer(815301076,1909f56bfc062723c751e8b465ee728b)  -> (artifact id: '44889c87683d356160696b0066f7a8fd') in 0.337813 seconds 
  Import took 0.355483 seconds .

========================================================================
Received Import Request.
  Time since last request: 233.630972 seconds.
  path: Assets/Large_platform.prefab
  artifactKey: Guid(01b0734a8e618d94daffa35a3f5c9939) Importer(815301076,1909f56bfc062723c751e8b465ee728b)
Start importing Assets/Large_platform.prefab using Guid(01b0734a8e618d94daffa35a3f5c9939) Importer(815301076,1909f56bfc062723c751e8b465ee728b)  -> (artifact id: 'a1ea72a7c9933f63d2c69ba649ce0990') in 0.117207 seconds 
  Import took 0.132283 seconds .

========================================================================
Received Import Request.
  Time since last request: 43.767857 seconds.
  path: Assets/platforms.prefab
  artifactKey: Guid(5e7259ff6e4090140921f1e7718cbc33) Importer(815301076,1909f56bfc062723c751e8b465ee728b)
Start importing Assets/platforms.prefab using Guid(5e7259ff6e4090140921f1e7718cbc33) Importer(815301076,1909f56bfc062723c751e8b465ee728b)  -> (artifact id: '9c498e59654dcf8cb14f94fc8eb846bd') in 0.075104 seconds 
  Import took 0.088596 seconds .

========================================================================
Received Import Request.
  Time since last request: 11.116913 seconds.
  path: Assets/platforms.prefab
  artifactKey: Guid(5e7259ff6e4090140921f1e7718cbc33) Importer(815301076,1909f56bfc062723c751e8b465ee728b)
Start importing Assets/platforms.prefab using Guid(5e7259ff6e4090140921f1e7718cbc33) Importer(815301076,1909f56bfc062723c751e8b465ee728b)  -> (artifact id: 'f1edce36e787ad9b27316868ab8cf44f') in 0.115835 seconds 
  Import took 0.132845 seconds .

========================================================================
Received Import Request.
  Time since last request: 586.861005 seconds.
  path: Assets/Cylinder_platforms.prefab
  artifactKey: Guid(9c844f313214e494aaf952be0ee7dd3b) Importer(815301076,1909f56bfc062723c751e8b465ee728b)
Start importing Assets/Cylinder_platforms.prefab using Guid(9c844f313214e494aaf952be0ee7dd3b) Importer(815301076,1909f56bfc062723c751e8b465ee728b)  -> (artifact id: 'e84cd3678da5c9ed6e254a99b21dfea4') in 0.083241 seconds 
  Import took 0.101963 seconds .

========================================================================
Received Import Request.
  Time since last request: 4.984717 seconds.
  path: Assets/Cylinder_platforms.prefab
  artifactKey: Guid(9c844f313214e494aaf952be0ee7dd3b) Importer(815301076,1909f56bfc062723c751e8b465ee728b)
Start importing Assets/Cylinder_platforms.prefab using Guid(9c844f313214e494aaf952be0ee7dd3b) Importer(815301076,1909f56bfc062723c751e8b465ee728b)  -> (artifact id: 'c872285460a6c6e4715b4683c0d99882') in 0.118490 seconds 
  Import took 0.136510 seconds .

========================================================================
Received Import Request.
  Time since last request: 632.143480 seconds.
  path: Assets/sphere_platforms.prefab
  artifactKey: Guid(75f7a0a4cf0a45e4d979812d104d2590) Importer(815301076,1909f56bfc062723c751e8b465ee728b)
Start importing Assets/sphere_platforms.prefab using Guid(75f7a0a4cf0a45e4d979812d104d2590) Importer(815301076,1909f56bfc062723c751e8b465ee728b)  -> (artifact id: '999a8bef6d7fe5a9143f18a700c8cd5e') in 0.074782 seconds 
  Import took 0.090342 seconds .

========================================================================
Received Import Request.
  Time since last request: 5.105421 seconds.
  path: Assets/sphere_platforms.prefab
  artifactKey: Guid(75f7a0a4cf0a45e4d979812d104d2590) Importer(815301076,1909f56bfc062723c751e8b465ee728b)
Start importing Assets/sphere_platforms.prefab using Guid(75f7a0a4cf0a45e4d979812d104d2590) Importer(815301076,1909f56bfc062723c751e8b465ee728b)  -> (artifact id: '12cc7659ada8550a02ca97bb3199d19e') in 0.122821 seconds 
  Import took 0.143167 seconds .

========================================================================
Received Import Request.
  Time since last request: 412.547009 seconds.
  path: Assets/planes.prefab
  artifactKey: Guid(b045f65239e99484fb6ce4d4a8345384) Importer(815301076,1909f56bfc062723c751e8b465ee728b)
Start importing Assets/planes.prefab using Guid(b045f65239e99484fb6ce4d4a8345384) Importer(815301076,1909f56bfc062723c751e8b465ee728b)  -> (artifact id: '25267ce1d99bf695a71e7d8c963c63d3') in 0.088236 seconds 
  Import took 0.106292 seconds .

========================================================================
Received Import Request.
  Time since last request: 3.963682 seconds.
  path: Assets/planes.prefab
  artifactKey: Guid(b045f65239e99484fb6ce4d4a8345384) Importer(815301076,1909f56bfc062723c751e8b465ee728b)
Start importing Assets/planes.prefab using Guid(b045f65239e99484fb6ce4d4a8345384) Importer(815301076,1909f56bfc062723c751e8b465ee728b)  -> (artifact id: 'a4f88418ab39a01038ab30fff8885545') in 0.120456 seconds 
  Import took 0.137756 seconds .

========================================================================
Received Prepare
Registering precompiled user dll's ...
Registered in 0.013670 seconds.
Begin MonoManager ReloadAssembly
Native extension for WindowsStandalone target not found
Native extension for OSXStandalone target not found
Refreshing native plugins compatible for Editor in 0.82 ms, found 2 plugins.
Preloading 0 native plugins for Editor in 0.00 ms.
Mono: successfully reloaded assembly
- Completed reload, in  3.420 seconds
Domain Reload Profiling:
	ReloadAssembly (3421ms)
		BeginReloadAssembly (441ms)
			ExecutionOrderSort (0ms)
			DisableScriptedObjects (15ms)
			BackupInstance (0ms)
			ReleaseScriptingObjects (0ms)
			CreateAndSetChildDomain (93ms)
		EndReloadAssembly (2461ms)
			LoadAssemblies (462ms)
			RebuildTransferFunctionScriptingTraits (0ms)
			SetupTypeCache (1067ms)
			ReleaseScriptCaches (1ms)
			RebuildScriptCaches (93ms)
			SetupLoadedEditorAssemblies (743ms)
				LogAssemblyErrors (0ms)
				InitializePlatformSupportModulesInManaged (13ms)
				SetLoadedEditorAssemblies (2ms)
				RefreshPlugins (1ms)
				BeforeProcessingInitializeOnLoad (176ms)
				ProcessInitializeOnLoadAttributes (518ms)
				ProcessInitializeOnLoadMethodAttributes (21ms)
				AfterProcessingInitializeOnLoad (12ms)
				EditorAssembliesLoaded (1ms)
			ExecutionOrderSort2 (0ms)
			AwakeInstancesAfterBackupRestoration (16ms)
Platform modules already initialized, skipping
Refreshing native plugins compatible for Editor in 0.90 ms, found 2 plugins.
Preloading 0 native plugins for Editor in 0.00 ms.
Unloading 1495 Unused Serialized files (Serialized files now loaded: 0)
System memory in use before: 71.1 MB.
System memory in use after: 71.2 MB.

Unloading 15 unused Assets to reduce memory usage. Loaded Objects now: 1963.
Total: 5.952500 ms (FindLiveObjects: 0.290200 ms CreateObjectMapping: 0.103500 ms MarkObjects: 5.513200 ms  DeleteObjects: 0.043800 ms)

AssetImportParameters requested are different than current active one (requested -> active):
  custom:framework-win-MediaFoundation: 216162199b28c13a410421893ffa2e32 -> 
  custom:video-decoder-ogg-theora: a1e56fd34408186e4bbccfd4996cb3dc -> 
  custom:container-muxer-webm: aa71ff27fc2769a1b78a27578f13a17b -> 
  custom:container-demuxer-webm: 4f35f7cbe854078d1ac9338744f61a02 -> 
  custom:container-demuxer-ogg: 62fdf1f143b41e24485cea50d1cbac27 -> 
  custom:video-encoder-webm-vp8: eb34c28f22e8b96e1ab97ce403110664 -> 
  custom:video-codec-MediaFoundation-h265: e54d7ab0439102e2317fc1e4b246158d -> 
  custom:video-decoder-webm-vp8: 9c59270c3fd7afecdb556c50c9e8de78 -> 
  custom:audio-decoder-ogg-vorbis: bf7c407c2cedff20999df2af8eb42d56 -> 
  custom:audio-encoder-webm-vorbis: bf7c407c2cedff20999df2af8eb42d56 -> 
